<?xml version="1.0" encoding="UTF-8"?>
<testsuite xmlns:xsi="http://www.w3.org/2001/XMLSchema-instance" xsi:noNamespaceSchemaLocation="https://maven.apache.org/surefire/maven-surefire-plugin/xsd/surefire-test-report-3.0.xsd" version="3.0" name="edu.uw.advjava.wilsonma.BrokerFactoryImplTests" time="0.134" tests="10" errors="0" skipped="0" failures="0">
  <properties>
    <property name="java.specification.version" value="23"/>
    <property name="sun.cpu.isalist" value="amd64"/>
    <property name="sun.jnu.encoding" value="Cp1252"/>
    <property name="java.class.path" value="D:\cse_510\assignments\assignment_1\advjava\target\test-classes;D:\cse_510\assignments\assignment_1\advjava\target\classes;C:\Users\piano\.m2\repository\edu\uw\pce\advjava\support\1.0\support-1.0.jar;C:\Users\piano\.m2\repository\org\springframework\spring-context\6.1.5\spring-context-6.1.5.jar;C:\Users\piano\.m2\repository\org\springframework\spring-aop\6.1.5\spring-aop-6.1.5.jar;C:\Users\piano\.m2\repository\org\springframework\spring-beans\6.1.5\spring-beans-6.1.5.jar;C:\Users\piano\.m2\repository\org\springframework\spring-core\6.1.5\spring-core-6.1.5.jar;C:\Users\piano\.m2\repository\org\springframework\spring-jcl\6.1.5\spring-jcl-6.1.5.jar;C:\Users\piano\.m2\repository\org\springframework\spring-expression\6.1.5\spring-expression-6.1.5.jar;C:\Users\piano\.m2\repository\io\micrometer\micrometer-observation\1.12.4\micrometer-observation-1.12.4.jar;C:\Users\piano\.m2\repository\io\micrometer\micrometer-commons\1.12.4\micrometer-commons-1.12.4.jar;C:\Users\piano\.m2\repository\org\slf4j\slf4j-api\2.0.12\slf4j-api-2.0.12.jar;C:\Users\piano\.m2\repository\org\slf4j\slf4j-jdk14\2.0.12\slf4j-jdk14-2.0.12.jar;C:\Users\piano\.m2\repository\org\apache\derby\derby\10.17.1.0\derby-10.17.1.0.jar;C:\Users\piano\.m2\repository\org\apache\derby\derbyshared\10.17.1.0\derbyshared-10.17.1.0.jar;C:\Users\piano\.m2\repository\org\apache\derby\derbyclient\10.17.1.0\derbyclient-10.17.1.0.jar;C:\Users\piano\.m2\repository\org\apache\derby\derbynet\10.17.1.0\derbynet-10.17.1.0.jar;C:\Users\piano\.m2\repository\org\apache\derby\derbytools\10.17.1.0\derbytools-10.17.1.0.jar;C:\Users\piano\.m2\repository\org\apache\commons\commons-csv\1.10.0\commons-csv-1.10.0.jar;C:\Users\piano\.m2\repository\edu\uw\pce\advjava\support\1.0\support-1.0-tests.jar;C:\Users\piano\.m2\repository\org\junit\platform\junit-platform-suite\1.10.2\junit-platform-suite-1.10.2.jar;C:\Users\piano\.m2\repository\org\junit\platform\junit-platform-suite-api\1.10.2\junit-platform-suite-api-1.10.2.jar;C:\Users\piano\.m2\repository\org\junit\platform\junit-platform-commons\1.10.2\junit-platform-commons-1.10.2.jar;C:\Users\piano\.m2\repository\org\apiguardian\apiguardian-api\1.1.2\apiguardian-api-1.1.2.jar;C:\Users\piano\.m2\repository\org\junit\platform\junit-platform-suite-engine\1.10.2\junit-platform-suite-engine-1.10.2.jar;C:\Users\piano\.m2\repository\org\junit\platform\junit-platform-engine\1.10.2\junit-platform-engine-1.10.2.jar;C:\Users\piano\.m2\repository\org\junit\platform\junit-platform-suite-commons\1.10.2\junit-platform-suite-commons-1.10.2.jar;C:\Users\piano\.m2\repository\org\junit\platform\junit-platform-launcher\1.10.2\junit-platform-launcher-1.10.2.jar;C:\Users\piano\.m2\repository\org\junit\jupiter\junit-jupiter\5.10.2\junit-jupiter-5.10.2.jar;C:\Users\piano\.m2\repository\org\junit\jupiter\junit-jupiter-api\5.10.2\junit-jupiter-api-5.10.2.jar;C:\Users\piano\.m2\repository\org\opentest4j\opentest4j\1.3.0\opentest4j-1.3.0.jar;C:\Users\piano\.m2\repository\org\junit\jupiter\junit-jupiter-params\5.10.2\junit-jupiter-params-5.10.2.jar;C:\Users\piano\.m2\repository\org\junit\jupiter\junit-jupiter-engine\5.10.2\junit-jupiter-engine-5.10.2.jar;"/>
    <property name="java.vm.vendor" value="Oracle Corporation"/>
    <property name="sun.arch.data.model" value="64"/>
    <property name="user.variant" value=""/>
    <property name="java.vendor.url" value="https://java.oracle.com/"/>
    <property name="user.timezone" value="America/Los_Angeles"/>
    <property name="os.name" value="Windows 11"/>
    <property name="java.vm.specification.version" value="23"/>
    <property name="sun.java.launcher" value="SUN_STANDARD"/>
    <property name="user.country" value="US"/>
    <property name="sun.boot.library.path" value="C:\Program Files\Java\jdk-23\bin"/>
    <property name="sun.java.command" value="C:\Users\piano\AppData\Local\Temp\surefire16272278601629729155\surefirebooter-20250213150747111_3.jar C:\Users\piano\AppData\Local\Temp\surefire16272278601629729155 2025-02-13T15-07-46_767-jvmRun1 surefire-20250213150747111_1tmp surefire_0-20250213150747111_2tmp"/>
    <property name="jdk.debug" value="release"/>
    <property name="surefire.test.class.path" value="D:\cse_510\assignments\assignment_1\advjava\target\test-classes;D:\cse_510\assignments\assignment_1\advjava\target\classes;C:\Users\piano\.m2\repository\edu\uw\pce\advjava\support\1.0\support-1.0.jar;C:\Users\piano\.m2\repository\org\springframework\spring-context\6.1.5\spring-context-6.1.5.jar;C:\Users\piano\.m2\repository\org\springframework\spring-aop\6.1.5\spring-aop-6.1.5.jar;C:\Users\piano\.m2\repository\org\springframework\spring-beans\6.1.5\spring-beans-6.1.5.jar;C:\Users\piano\.m2\repository\org\springframework\spring-core\6.1.5\spring-core-6.1.5.jar;C:\Users\piano\.m2\repository\org\springframework\spring-jcl\6.1.5\spring-jcl-6.1.5.jar;C:\Users\piano\.m2\repository\org\springframework\spring-expression\6.1.5\spring-expression-6.1.5.jar;C:\Users\piano\.m2\repository\io\micrometer\micrometer-observation\1.12.4\micrometer-observation-1.12.4.jar;C:\Users\piano\.m2\repository\io\micrometer\micrometer-commons\1.12.4\micrometer-commons-1.12.4.jar;C:\Users\piano\.m2\repository\org\slf4j\slf4j-api\2.0.12\slf4j-api-2.0.12.jar;C:\Users\piano\.m2\repository\org\slf4j\slf4j-jdk14\2.0.12\slf4j-jdk14-2.0.12.jar;C:\Users\piano\.m2\repository\org\apache\derby\derby\10.17.1.0\derby-10.17.1.0.jar;C:\Users\piano\.m2\repository\org\apache\derby\derbyshared\10.17.1.0\derbyshared-10.17.1.0.jar;C:\Users\piano\.m2\repository\org\apache\derby\derbyclient\10.17.1.0\derbyclient-10.17.1.0.jar;C:\Users\piano\.m2\repository\org\apache\derby\derbynet\10.17.1.0\derbynet-10.17.1.0.jar;C:\Users\piano\.m2\repository\org\apache\derby\derbytools\10.17.1.0\derbytools-10.17.1.0.jar;C:\Users\piano\.m2\repository\org\apache\commons\commons-csv\1.10.0\commons-csv-1.10.0.jar;C:\Users\piano\.m2\repository\edu\uw\pce\advjava\support\1.0\support-1.0-tests.jar;C:\Users\piano\.m2\repository\org\junit\platform\junit-platform-suite\1.10.2\junit-platform-suite-1.10.2.jar;C:\Users\piano\.m2\repository\org\junit\platform\junit-platform-suite-api\1.10.2\junit-platform-suite-api-1.10.2.jar;C:\Users\piano\.m2\repository\org\junit\platform\junit-platform-commons\1.10.2\junit-platform-commons-1.10.2.jar;C:\Users\piano\.m2\repository\org\apiguardian\apiguardian-api\1.1.2\apiguardian-api-1.1.2.jar;C:\Users\piano\.m2\repository\org\junit\platform\junit-platform-suite-engine\1.10.2\junit-platform-suite-engine-1.10.2.jar;C:\Users\piano\.m2\repository\org\junit\platform\junit-platform-engine\1.10.2\junit-platform-engine-1.10.2.jar;C:\Users\piano\.m2\repository\org\junit\platform\junit-platform-suite-commons\1.10.2\junit-platform-suite-commons-1.10.2.jar;C:\Users\piano\.m2\repository\org\junit\platform\junit-platform-launcher\1.10.2\junit-platform-launcher-1.10.2.jar;C:\Users\piano\.m2\repository\org\junit\jupiter\junit-jupiter\5.10.2\junit-jupiter-5.10.2.jar;C:\Users\piano\.m2\repository\org\junit\jupiter\junit-jupiter-api\5.10.2\junit-jupiter-api-5.10.2.jar;C:\Users\piano\.m2\repository\org\opentest4j\opentest4j\1.3.0\opentest4j-1.3.0.jar;C:\Users\piano\.m2\repository\org\junit\jupiter\junit-jupiter-params\5.10.2\junit-jupiter-params-5.10.2.jar;C:\Users\piano\.m2\repository\org\junit\jupiter\junit-jupiter-engine\5.10.2\junit-jupiter-engine-5.10.2.jar;"/>
    <property name="sun.cpu.endian" value="little"/>
    <property name="user.home" value="C:\Users\piano"/>
    <property name="user.language" value="en"/>
    <property name="java.specification.vendor" value="Oracle Corporation"/>
    <property name="java.version.date" value="2024-10-15"/>
    <property name="java.home" value="C:\Program Files\Java\jdk-23"/>
    <property name="file.separator" value="\"/>
    <property name="basedir" value="D:\cse_510\assignments\assignment_1\advjava"/>
    <property name="java.vm.compressedOopsMode" value="32-bit"/>
    <property name="line.separator" value="&#10;"/>
    <property name="java.vm.specification.vendor" value="Oracle Corporation"/>
    <property name="java.specification.name" value="Java Platform API Specification"/>
    <property name="surefire.real.class.path" value="C:\Users\piano\AppData\Local\Temp\surefire16272278601629729155\surefirebooter-20250213150747111_3.jar"/>
    <property name="user.script" value=""/>
    <property name="sun.management.compiler" value="HotSpot 64-Bit Tiered Compilers"/>
    <property name="java.runtime.version" value="23.0.1+11-39"/>
    <property name="user.name" value="piano"/>
    <property name="stdout.encoding" value="Cp1252"/>
    <property name="path.separator" value=";"/>
    <property name="os.version" value="10.0"/>
    <property name="java.runtime.name" value="Java(TM) SE Runtime Environment"/>
    <property name="file.encoding" value="UTF-8"/>
    <property name="java.vm.name" value="Java HotSpot(TM) 64-Bit Server VM"/>
    <property name="localRepository" value="C:\Users\piano\.m2\repository"/>
    <property name="java.vendor.url.bug" value="https://bugreport.java.com/bugreport/"/>
    <property name="java.io.tmpdir" value="C:\Users\piano\AppData\Local\Temp\"/>
    <property name="java.version" value="23.0.1"/>
    <property name="user.dir" value="D:\cse_510\assignments\assignment_1\advjava"/>
    <property name="os.arch" value="amd64"/>
    <property name="java.vm.specification.name" value="Java Virtual Machine Specification"/>
    <property name="sun.os.patch.level" value=""/>
    <property name="native.encoding" value="Cp1252"/>
    <property name="java.library.path" value="C:\Program Files\Java\jdk-23\bin;C:\WINDOWS\Sun\Java\bin;C:\WINDOWS\system32;C:\WINDOWS;C:\Python313\Scripts\;C:\Python313\;C:\Program Files\Common Files\Oracle\Java\javapath;C:\Program Files (x86)\Razer Chroma SDK\bin;C:\Program Files\Razer Chroma SDK\bin;C:\Program Files (x86)\Razer\ChromaBroadcast\bin;C:\Program Files\Razer\ChromaBroadcast\bin;C:\Program Files (x86)\Microsoft SDKs\Azure\CLI2\wbin;C:\Windows\system32;C:\Windows;C:\Windows\System32\Wbem;C:\Windows\System32\WindowsPowerShell\v1.0\;C:\Windows\System32\OpenSSH\;C:\Program Files\dotnet\;C:\Program Files\Git\cmd;C:\Program Files\Microsoft SQL Server\130\Tools\Binn\;C:\Program Files (x86)\dotnet-core-uninstall\;C:\ProgramData\chocolatey\bin;C:\Users\piano\AppData\Local\Microsoft\WindowsApps;C:\Users\piano\AppData\Local\Programs\Microsoft VS Code\bin;C:\Users\piano\.dotnet\tools;C:\Windows\system32\config\systemprofile\AppData\Local\Microsoft\WindowsApps;C:\WINDOWS\system32;C:\WINDOWS;C:\WINDOWS\System32\Wbem;C:\WINDOWS\System32\WindowsPowerShell\v1.0\;C:\WINDOWS\System32\OpenSSH\;C:\Program Files\Microsoft SQL Server\150\Tools\Binn\;C:\Program Files\nodejs\;C:\Users\piano\AppData\Local\Microsoft\WindowsApps;C:\Users\piano\.dotnet\tools;C:\Users\piano\AppData\Local\Programs\Microsoft VS Code\bin;C:\Program Files\apache-maven-3.9.9\bin;C:\Program Files\Java\jdk-23\bin;C:\Program Files\nodejs;;."/>
    <property name="java.vm.info" value="mixed mode, sharing"/>
    <property name="stderr.encoding" value="Cp1252"/>
    <property name="java.vendor" value="Oracle Corporation"/>
    <property name="java.vm.version" value="23.0.1+11-39"/>
    <property name="sun.io.unicode.encoding" value="UnicodeLittle"/>
    <property name="java.class.version" value="67.0"/>
  </properties>
  <testcase name="testCloseNullAccount" classname="edu.uw.advjava.wilsonma.BrokerFactoryImplTests" time="0.01">
    <system-err><![CDATA[Feb 13, 2025 3:07:47 PM edu.uw.pce.advjava.support.account.MapAccountDao <init>
INFO: No existing account data.
]]></system-err>
  </testcase>
  <testcase name="testCreateAccountDuplicate" classname="edu.uw.advjava.wilsonma.BrokerFactoryImplTests" time="0.004">
    <system-err><![CDATA[Feb 13, 2025 3:07:48 PM edu.uw.pce.advjava.support.account.MapAccountDao <init>
INFO: Have existing account data.
Feb 13, 2025 3:07:48 PM edu.uw.pce.advjava.support.account.Account lambda$registerAccountManager$0
INFO: Attempting to set the account manager, after it has been initialized.
]]></system-err>
  </testcase>
  <testcase name="requestQuoteEmpty" classname="edu.uw.advjava.wilsonma.BrokerFactoryImplTests" time="0.005">
    <system-err><![CDATA[Feb 13, 2025 3:07:48 PM edu.uw.pce.advjava.support.account.MapAccountDao <init>
INFO: Have existing account data.
Feb 13, 2025 3:07:48 PM edu.uw.pce.advjava.support.account.Account lambda$registerAccountManager$0
INFO: Attempting to set the account manager, after it has been initialized.
Feb 13, 2025 3:07:48 PM edu.uw.pce.advjava.support.exchange.AbstractExchange getQuote
WARNING: Quote not available for stock: BIONICLES_INC
edu.uw.pce.advjava.support.exchange.MarketException: Invalid stock symbol specified: BIONICLES_INC
	at edu.uw.pce.advjava.support.exchange.FauxMarket.getQuote(FauxMarket.java:115)
	at edu.uw.pce.advjava.support.exchange.AbstractExchange.getQuote(AbstractExchange.java:62)
	at edu.uw.advjava.wilsonma.BrokerImpl.requestQuote(BrokerImpl.java:192)
	at edu.uw.advjava.wilsonma.BrokerFactoryImplTests.requestQuoteEmpty(BrokerFactoryImplTests.java:130)
	at java.base/jdk.internal.reflect.DirectMethodHandleAccessor.invoke(DirectMethodHandleAccessor.java:103)
	at java.base/java.lang.reflect.Method.invoke(Method.java:580)
	at org.junit.platform.commons.util.ReflectionUtils.invokeMethod(ReflectionUtils.java:728)
	at org.junit.jupiter.engine.execution.MethodInvocation.proceed(MethodInvocation.java:60)
	at org.junit.jupiter.engine.execution.InvocationInterceptorChain$ValidatingInvocation.proceed(InvocationInterceptorChain.java:131)
	at org.junit.jupiter.engine.extension.TimeoutExtension.intercept(TimeoutExtension.java:156)
	at org.junit.jupiter.engine.extension.TimeoutExtension.interceptTestableMethod(TimeoutExtension.java:147)
	at org.junit.jupiter.engine.extension.TimeoutExtension.interceptTestMethod(TimeoutExtension.java:86)
	at org.junit.jupiter.engine.execution.InterceptingExecutableInvoker$ReflectiveInterceptorCall.lambda$ofVoidMethod$0(InterceptingExecutableInvoker.java:103)
	at org.junit.jupiter.engine.execution.InterceptingExecutableInvoker.lambda$invoke$0(InterceptingExecutableInvoker.java:93)
	at org.junit.jupiter.engine.execution.InvocationInterceptorChain$InterceptedInvocation.proceed(InvocationInterceptorChain.java:106)
	at org.junit.jupiter.engine.execution.InvocationInterceptorChain.proceed(InvocationInterceptorChain.java:64)
	at org.junit.jupiter.engine.execution.InvocationInterceptorChain.chainAndInvoke(InvocationInterceptorChain.java:45)
	at org.junit.jupiter.engine.execution.InvocationInterceptorChain.invoke(InvocationInterceptorChain.java:37)
	at org.junit.jupiter.engine.execution.InterceptingExecutableInvoker.invoke(InterceptingExecutableInvoker.java:92)
	at org.junit.jupiter.engine.execution.InterceptingExecutableInvoker.invoke(InterceptingExecutableInvoker.java:86)
	at org.junit.jupiter.engine.descriptor.TestMethodTestDescriptor.lambda$invokeTestMethod$7(TestMethodTestDescriptor.java:218)
	at org.junit.platform.engine.support.hierarchical.ThrowableCollector.execute(ThrowableCollector.java:73)
	at org.junit.jupiter.engine.descriptor.TestMethodTestDescriptor.invokeTestMethod(TestMethodTestDescriptor.java:214)
	at org.junit.jupiter.engine.descriptor.TestMethodTestDescriptor.execute(TestMethodTestDescriptor.java:139)
	at org.junit.jupiter.engine.descriptor.TestMethodTestDescriptor.execute(TestMethodTestDescriptor.java:69)
	at org.junit.platform.engine.support.hierarchical.NodeTestTask.lambda$executeRecursively$6(NodeTestTask.java:151)
	at org.junit.platform.engine.support.hierarchical.ThrowableCollector.execute(ThrowableCollector.java:73)
	at org.junit.platform.engine.support.hierarchical.NodeTestTask.lambda$executeRecursively$8(NodeTestTask.java:141)
	at org.junit.platform.engine.support.hierarchical.Node.around(Node.java:137)
	at org.junit.platform.engine.support.hierarchical.NodeTestTask.lambda$executeRecursively$9(NodeTestTask.java:139)
	at org.junit.platform.engine.support.hierarchical.ThrowableCollector.execute(ThrowableCollector.java:73)
	at org.junit.platform.engine.support.hierarchical.NodeTestTask.executeRecursively(NodeTestTask.java:138)
	at org.junit.platform.engine.support.hierarchical.NodeTestTask.execute(NodeTestTask.java:95)
	at java.base/java.util.ArrayList.forEach(ArrayList.java:1597)
	at org.junit.platform.engine.support.hierarchical.SameThreadHierarchicalTestExecutorService.invokeAll(SameThreadHierarchicalTestExecutorService.java:41)
	at org.junit.platform.engine.support.hierarchical.NodeTestTask.lambda$executeRecursively$6(NodeTestTask.java:155)
	at org.junit.platform.engine.support.hierarchical.ThrowableCollector.execute(ThrowableCollector.java:73)
	at org.junit.platform.engine.support.hierarchical.NodeTestTask.lambda$executeRecursively$8(NodeTestTask.java:141)
	at org.junit.platform.engine.support.hierarchical.Node.around(Node.java:137)
	at org.junit.platform.engine.support.hierarchical.NodeTestTask.lambda$executeRecursively$9(NodeTestTask.java:139)
	at org.junit.platform.engine.support.hierarchical.ThrowableCollector.execute(ThrowableCollector.java:73)
	at org.junit.platform.engine.support.hierarchical.NodeTestTask.executeRecursively(NodeTestTask.java:138)
	at org.junit.platform.engine.support.hierarchical.NodeTestTask.execute(NodeTestTask.java:95)
	at java.base/java.util.ArrayList.forEach(ArrayList.java:1597)
	at org.junit.platform.engine.support.hierarchical.SameThreadHierarchicalTestExecutorService.invokeAll(SameThreadHierarchicalTestExecutorService.java:41)
	at org.junit.platform.engine.support.hierarchical.NodeTestTask.lambda$executeRecursively$6(NodeTestTask.java:155)
	at org.junit.platform.engine.support.hierarchical.ThrowableCollector.execute(ThrowableCollector.java:73)
	at org.junit.platform.engine.support.hierarchical.NodeTestTask.lambda$executeRecursively$8(NodeTestTask.java:141)
	at org.junit.platform.engine.support.hierarchical.Node.around(Node.java:137)
	at org.junit.platform.engine.support.hierarchical.NodeTestTask.lambda$executeRecursively$9(NodeTestTask.java:139)
	at org.junit.platform.engine.support.hierarchical.ThrowableCollector.execute(ThrowableCollector.java:73)
	at org.junit.platform.engine.support.hierarchical.NodeTestTask.executeRecursively(NodeTestTask.java:138)
	at org.junit.platform.engine.support.hierarchical.NodeTestTask.execute(NodeTestTask.java:95)
	at org.junit.platform.engine.support.hierarchical.SameThreadHierarchicalTestExecutorService.submit(SameThreadHierarchicalTestExecutorService.java:35)
	at org.junit.platform.engine.support.hierarchical.HierarchicalTestExecutor.execute(HierarchicalTestExecutor.java:57)
	at org.junit.platform.engine.support.hierarchical.HierarchicalTestEngine.execute(HierarchicalTestEngine.java:54)
	at org.junit.platform.launcher.core.EngineExecutionOrchestrator.execute(EngineExecutionOrchestrator.java:198)
	at org.junit.platform.launcher.core.EngineExecutionOrchestrator.execute(EngineExecutionOrchestrator.java:169)
	at org.junit.platform.launcher.core.EngineExecutionOrchestrator.execute(EngineExecutionOrchestrator.java:93)
	at org.junit.platform.launcher.core.EngineExecutionOrchestrator.lambda$execute$0(EngineExecutionOrchestrator.java:58)
	at org.junit.platform.launcher.core.EngineExecutionOrchestrator.withInterceptedStreams(EngineExecutionOrchestrator.java:141)
	at org.junit.platform.launcher.core.EngineExecutionOrchestrator.execute(EngineExecutionOrchestrator.java:57)
	at org.junit.platform.launcher.core.DefaultLauncher.execute(DefaultLauncher.java:103)
	at org.junit.platform.launcher.core.DefaultLauncher.execute(DefaultLauncher.java:85)
	at org.junit.platform.launcher.core.DelegatingLauncher.execute(DelegatingLauncher.java:47)
	at org.apache.maven.surefire.junitplatform.LazyLauncher.execute(LazyLauncher.java:55)
	at org.apache.maven.surefire.junitplatform.JUnitPlatformProvider.execute(JUnitPlatformProvider.java:223)
	at org.apache.maven.surefire.junitplatform.JUnitPlatformProvider.invokeAllTests(JUnitPlatformProvider.java:175)
	at org.apache.maven.surefire.junitplatform.JUnitPlatformProvider.invoke(JUnitPlatformProvider.java:139)
	at org.apache.maven.surefire.booter.ForkedBooter.runSuitesInProcess(ForkedBooter.java:456)
	at org.apache.maven.surefire.booter.ForkedBooter.execute(ForkedBooter.java:169)
	at org.apache.maven.surefire.booter.ForkedBooter.run(ForkedBooter.java:595)
	at org.apache.maven.surefire.booter.ForkedBooter.main(ForkedBooter.java:581)

]]></system-err>
  </testcase>
  <testcase name="testClose" classname="edu.uw.advjava.wilsonma.BrokerFactoryImplTests" time="0.003">
    <system-err><![CDATA[Feb 13, 2025 3:07:48 PM edu.uw.pce.advjava.support.account.MapAccountDao <init>
INFO: Have existing account data.
Feb 13, 2025 3:07:48 PM edu.uw.pce.advjava.support.account.Account lambda$registerAccountManager$0
INFO: Attempting to set the account manager, after it has been initialized.
]]></system-err>
  </testcase>
  <testcase name="testGetAccount" classname="edu.uw.advjava.wilsonma.BrokerFactoryImplTests" time="0.003">
    <system-err><![CDATA[Feb 13, 2025 3:07:48 PM edu.uw.pce.advjava.support.account.MapAccountDao <init>
INFO: Have existing account data.
Feb 13, 2025 3:07:48 PM edu.uw.pce.advjava.support.account.Account lambda$registerAccountManager$0
INFO: Attempting to set the account manager, after it has been initialized.
Feb 13, 2025 3:07:48 PM edu.uw.pce.advjava.support.account.Account lambda$registerAccountManager$0
INFO: Attempting to set the account manager, after it has been initialized.
Feb 13, 2025 3:07:48 PM edu.uw.pce.advjava.support.account.Account lambda$registerAccountManager$0
INFO: Attempting to set the account manager, after it has been initialized.
]]></system-err>
  </testcase>
  <testcase name="testGetName" classname="edu.uw.advjava.wilsonma.BrokerFactoryImplTests" time="0.003">
    <system-err><![CDATA[Feb 13, 2025 3:07:48 PM edu.uw.pce.advjava.support.account.MapAccountDao <init>
INFO: Have existing account data.
Feb 13, 2025 3:07:48 PM edu.uw.pce.advjava.support.account.Account lambda$registerAccountManager$0
INFO: Attempting to set the account manager, after it has been initialized.
]]></system-err>
  </testcase>
  <testcase name="placeOrder" classname="edu.uw.advjava.wilsonma.BrokerFactoryImplTests" time="0.006">
    <system-err><![CDATA[Feb 13, 2025 3:07:48 PM edu.uw.pce.advjava.support.account.MapAccountDao <init>
INFO: Have existing account data.
Feb 13, 2025 3:07:48 PM edu.uw.pce.advjava.support.account.Account lambda$registerAccountManager$0
INFO: Attempting to set the account manager, after it has been initialized.
Feb 13, 2025 3:07:48 PM edu.uw.pce.advjava.support.account.Account lambda$registerAccountManager$0
INFO: Attempting to set the account manager, after it has been initialized.
Feb 13, 2025 3:07:48 PM edu.uw.pce.advjava.support.account.Account lambda$registerAccountManager$0
INFO: Attempting to set the account manager, after it has been initialized.
Feb 13, 2025 3:07:48 PM edu.uw.pce.advjava.support.account.Account lambda$registerAccountManager$0
INFO: Attempting to set the account manager, after it has been initialized.
]]></system-err>
  </testcase>
  <testcase name="testDeleteAccount" classname="edu.uw.advjava.wilsonma.BrokerFactoryImplTests" time="0.003">
    <system-err><![CDATA[Feb 13, 2025 3:07:48 PM edu.uw.pce.advjava.support.account.MapAccountDao <init>
INFO: Have existing account data.
Feb 13, 2025 3:07:48 PM edu.uw.pce.advjava.support.account.Account lambda$registerAccountManager$0
INFO: Attempting to set the account manager, after it has been initialized.
]]></system-err>
  </testcase>
  <testcase name="requestQuote" classname="edu.uw.advjava.wilsonma.BrokerFactoryImplTests" time="0.002">
    <system-err><![CDATA[Feb 13, 2025 3:07:48 PM edu.uw.pce.advjava.support.account.MapAccountDao <init>
INFO: Have existing account data.
]]></system-err>
  </testcase>
  <testcase name="testConstructor" classname="edu.uw.advjava.wilsonma.BrokerFactoryImplTests" time="0.003">
    <system-err><![CDATA[Feb 13, 2025 3:07:48 PM edu.uw.pce.advjava.support.account.MapAccountDao <init>
INFO: Have existing account data.
Feb 13, 2025 3:07:48 PM edu.uw.pce.advjava.support.account.Account lambda$registerAccountManager$0
INFO: Attempting to set the account manager, after it has been initialized.
]]></system-err>
  </testcase>
</testsuite>